<?xml version="1.0" encoding="UTF-8"?>
<coverage generated="1632311463612" clover="3.2.0">
  <project timestamp="1632311463612" name="All files">
    <metrics statements="11" coveredstatements="7" conditionals="0" coveredconditionals="0" methods="5" coveredmethods="1" elements="16" coveredelements="8" complexity="0" loc="11" ncloc="11" packages="1" files="2" classes="2"/>
    <file name="fortuneCookies.js" path="C:\Users\tykim\OneDrive\바탕 화면\NodeStudy\lib\fortuneCookies.js">
      <metrics statements="4" coveredstatements="2" conditionals="0" coveredconditionals="0" methods="1" coveredmethods="0"/>
      <line num="1" count="1" type="stmt"/>
      <line num="10" count="1" type="stmt"/>
      <line num="11" count="0" type="stmt"/>
      <line num="12" count="0" type="stmt"/>
    </file>
    <file name="handlers.js" path="C:\Users\tykim\OneDrive\바탕 화면\NodeStudy\lib\handlers.js">
      <metrics statements="7" coveredstatements="5" conditionals="0" coveredconditionals="0" methods="4" coveredmethods="1"/>
      <line num="1" count="1" type="stmt"/>
      <line num="3" count="1" type="stmt"/>
      <line num="5" count="1" type="stmt"/>
      <line num="7" count="1" type="stmt"/>
      <line num="9" count="1" type="stmt"/>
      <line num="10" count="0" type="stmt"/>
      <line num="11" count="0" type="stmt"/>
    </file>
  </project>
</coverage>
